<?xml version="1.0" encoding="UTF-8"?>
<!-- Generated by org.testng.reporters.JUnitXMLReporter -->
<testsuite hostname="HIGURP78024" ignored="0" name="Chrome test" tests="12" failures="3" timestamp="2020-04-06T12:13:30 IST" time="167.718" errors="0">
  <testcase name="validateTitleOnLoginPage" time="0.031" classname="com.empirix.TestCases.LoginTest">
    <failure type="java.lang.AssertionError" message="expected [OpenAM - Login] but found [OpenAM]">
      <![CDATA[java.lang.AssertionError: expected [OpenAM - Login] but found [OpenAM]
at com.empirix.TestCases.LoginTest.validateTitleOnLoginPage(LoginTest.java:36)
at java.util.ArrayList.forEach(ArrayList.java:1257)
... Removed 36 stack frames]]>
    </failure>
  </testcase> <!-- validateTitleOnLoginPage -->
  <testcase name="validateSignIn" time="31.077" classname="com.empirix.TestCases.LoginTest">
    <failure type="org.openqa.selenium.NoSuchElementException" message="no such element: Unable to locate element: {&amp;quot;method&amp;quot;:&amp;quot;xpath&amp;quot;,&amp;quot;selector&amp;quot;:&amp;quot;//input[@type=&amp;apos;text&amp;apos;]&amp;quot;}
  (Session info: chrome=78.0.3904.108)
For documentation on this error, please visit: https://www.seleniumhq.org/exceptions/no_such_element.html
Build info: version: &amp;apos;3.141.59&amp;apos;, revision: &amp;apos;e82be7d358&amp;apos;, time: &amp;apos;2018-11-14T08:17:03&amp;apos;
System info: host: &amp;apos;HIGURP78024&amp;apos;, ip: &amp;apos;192.168.1.11&amp;apos;, os.name: &amp;apos;Windows 10&amp;apos;, os.arch: &amp;apos;amd64&amp;apos;, os.version: &amp;apos;10.0&amp;apos;, java.version: &amp;apos;1.8.0_241&amp;apos;
Driver info: org.openqa.selenium.chrome.ChromeDriver
Capabilities {acceptInsecureCerts: false, browserName: chrome, browserVersion: 78.0.3904.108, chrome: {chromedriverVersion: 78.0.3904.105 (60e2d8774a81..., userDataDir: C:\Users\rkumar9\AppData\Lo...}, goog:chromeOptions: {debuggerAddress: localhost:62804}, javascriptEnabled: true, networkConnectionEnabled: false, pageLoadStrategy: normal, platform: XP, platformName: XP, proxy: Proxy(), setWindowRect: true, strictFileInteractability: false, timeouts: {implicit: 0, pageLoad: 300000, script: 30000}, unhandledPromptBehavior: dismiss and notify}
Session ID: 44172c6452e2b5975c6204bc81d69d79
*** Element info: {Using=xpath, value=//input[@type=&amp;apos;text&amp;apos;]}">
      <![CDATA[org.openqa.selenium.NoSuchElementException: no such element: Unable to locate element: {"method":"xpath","selector":"//input[@type='text']"}
  (Session info: chrome=78.0.3904.108)
For documentation on this error, please visit: https://www.seleniumhq.org/exceptions/no_such_element.html
Build info: version: '3.141.59', revision: 'e82be7d358', time: '2018-11-14T08:17:03'
System info: host: 'HIGURP78024', ip: '192.168.1.11', os.name: 'Windows 10', os.arch: 'amd64', os.version: '10.0', java.version: '1.8.0_241'
Driver info: org.openqa.selenium.chrome.ChromeDriver
Capabilities {acceptInsecureCerts: false, browserName: chrome, browserVersion: 78.0.3904.108, chrome: {chromedriverVersion: 78.0.3904.105 (60e2d8774a81..., userDataDir: C:\Users\rkumar9\AppData\Lo...}, goog:chromeOptions: {debuggerAddress: localhost:62804}, javascriptEnabled: true, networkConnectionEnabled: false, pageLoadStrategy: normal, platform: XP, platformName: XP, proxy: Proxy(), setWindowRect: true, strictFileInteractability: false, timeouts: {implicit: 0, pageLoad: 300000, script: 30000}, unhandledPromptBehavior: dismiss and notify}
Session ID: 44172c6452e2b5975c6204bc81d69d79
*** Element info: {Using=xpath, value=//input[@type='text']}
at org.openqa.selenium.remote.http.W3CHttpResponseCodec.createException(W3CHttpResponseCodec.java:187)
at org.openqa.selenium.remote.http.W3CHttpResponseCodec.decode(W3CHttpResponseCodec.java:122)
at org.openqa.selenium.remote.http.W3CHttpResponseCodec.decode(W3CHttpResponseCodec.java:49)
at org.openqa.selenium.remote.HttpCommandExecutor.execute(HttpCommandExecutor.java:158)
at org.openqa.selenium.remote.service.DriverCommandExecutor.execute(DriverCommandExecutor.java:83)
at org.openqa.selenium.remote.RemoteWebDriver.execute(RemoteWebDriver.java:552)
at org.openqa.selenium.remote.RemoteWebDriver.findElement(RemoteWebDriver.java:323)
at org.openqa.selenium.remote.RemoteWebDriver.findElementByXPath(RemoteWebDriver.java:428)
at org.openqa.selenium.By$ByXPath.findElement(By.java:353)
at org.openqa.selenium.remote.RemoteWebDriver.findElement(RemoteWebDriver.java:315)
at org.openqa.selenium.support.events.EventFiringWebDriver.lambda$new$1(EventFiringWebDriver.java:105)
at com.sun.proxy.$Proxy6.findElement(Unknown Source)
at org.openqa.selenium.support.events.EventFiringWebDriver.findElement(EventFiringWebDriver.java:194)
at org.openqa.selenium.support.pagefactory.DefaultElementLocator.findElement(DefaultElementLocator.java:69)
at org.openqa.selenium.support.pagefactory.internal.LocatingElementHandler.invoke(LocatingElementHandler.java:38)
at com.sun.proxy.$Proxy10.sendKeys(Unknown Source)
at com.empirix.Pages.Login.signIn(Login.java:47)
at com.empirix.TestCases.LoginTest.validateSignIn(LoginTest.java:41)
at java.util.ArrayList.forEach(ArrayList.java:1257)
... Removed 39 stack frames]]>
    </failure>
  </testcase> <!-- validateSignIn -->
  <testcase name="validatetitleOnDashboardPage" time="0.033" classname="com.empirix.TestCases.LoginTest">
    <failure type="java.lang.AssertionError" message="expected [VoiceWatch] but found [OpenAM]">
      <![CDATA[java.lang.AssertionError: expected [VoiceWatch] but found [OpenAM]
at com.empirix.TestCases.LoginTest.validatetitleOnDashboardPage(LoginTest.java:49)
at java.util.ArrayList.forEach(ArrayList.java:1257)
... Removed 36 stack frames]]>
    </failure>
  </testcase> <!-- validatetitleOnDashboardPage -->
  <testcase name="validateAlertsTab" time="0.0" classname="com.empirix.TestCases.DashboardTest">
    <skipped/>
  </testcase> <!-- validateAlertsTab -->
  <testcase name="validateTestsTab" time="0.0" classname="com.empirix.TestCases.DashboardTest">
    <skipped/>
  </testcase> <!-- validateTestsTab -->
  <testcase name="validateVariablesTab" time="0.0" classname="com.empirix.TestCases.DashboardTest">
    <skipped/>
  </testcase> <!-- validateVariablesTab -->
  <testcase name="validateNotificationsTab" time="0.0" classname="com.empirix.TestCases.DashboardTest">
    <skipped/>
  </testcase> <!-- validateNotificationsTab -->
  <testcase name="validateDashboardTab" time="0.0" classname="com.empirix.TestCases.DashboardTest">
    <skipped/>
  </testcase> <!-- validateDashboardTab -->
  <testcase name="validateJapaneeseLanguageSelection" time="0.0" classname="com.empirix.TestCases.DashboardTest">
    <skipped/>
  </testcase> <!-- validateJapaneeseLanguageSelection -->
  <testcase name="validateEnglishLanguageSelection" time="0.0" classname="com.empirix.TestCases.DashboardTest">
    <skipped/>
  </testcase> <!-- validateEnglishLanguageSelection -->
  <testcase name="validateClientName" time="0.0" classname="com.empirix.TestCases.ClientProfileTest">
    <skipped/>
  </testcase> <!-- validateClientName -->
  <testcase name="validateClientDescription" time="0.0" classname="com.empirix.TestCases.ClientProfileTest">
    <skipped/>
  </testcase> <!-- validateClientDescription -->
</testsuite> <!-- Chrome test -->
